{"timestamp":"2025-10-07 21:07:17,331","level":"INFO","thread":"restartedMain","logger":"com.app.backend.BackendApplication","message":Starting BackendApplication using Java 17.0.9 with PID 8748 (C:\Users\Neo\Desktop\WWW\java\springboot-backend\build\classes\java\main started by Neo in C:\Users\Neo\Desktop\WWW\java\springboot-backend)}
{"timestamp":"2025-10-07 21:07:17,334","level":"DEBUG","thread":"restartedMain","logger":"com.app.backend.BackendApplication","message":Running with Spring Boot v3.5.6, Spring v6.2.11}
{"timestamp":"2025-10-07 21:07:17,335","level":"INFO","thread":"restartedMain","logger":"com.app.backend.BackendApplication","message":No active profile set, falling back to 1 default profile: "default"}
{"timestamp":"2025-10-07 21:07:17,397","level":"INFO","thread":"restartedMain","logger":"o.s.b.d.e.DevToolsPropertyDefaultsPostProcessor","message":Devtools property defaults active! Set 'spring.devtools.add-properties' to 'false' to disable}
{"timestamp":"2025-10-07 21:07:17,398","level":"INFO","thread":"restartedMain","logger":"o.s.b.d.e.DevToolsPropertyDefaultsPostProcessor","message":For additional web related logging consider setting the 'logging.level.web' property to 'DEBUG'}
{"timestamp":"2025-10-07 21:07:18,760","level":"INFO","thread":"restartedMain","logger":"o.s.b.w.e.tomcat.TomcatWebServer","message":Tomcat initialized with port 8080 (http)}
{"timestamp":"2025-10-07 21:07:18,776","level":"INFO","thread":"restartedMain","logger":"o.a.coyote.http11.Http11NioProtocol","message":Initializing ProtocolHandler ["http-nio-8080"]}
{"timestamp":"2025-10-07 21:07:18,779","level":"INFO","thread":"restartedMain","logger":"o.a.catalina.core.StandardService","message":Starting service [Tomcat]}
{"timestamp":"2025-10-07 21:07:18,779","level":"INFO","thread":"restartedMain","logger":"o.a.catalina.core.StandardEngine","message":Starting Servlet engine: [Apache Tomcat/10.1.46]}
{"timestamp":"2025-10-07 21:07:18,837","level":"INFO","thread":"restartedMain","logger":"o.a.c.c.C.[Tomcat].[localhost].[/]","message":Initializing Spring embedded WebApplicationContext}
{"timestamp":"2025-10-07 21:07:18,838","level":"INFO","thread":"restartedMain","logger":"o.s.b.w.s.c.ServletWebServerApplicationContext","message":Root WebApplicationContext: initialization completed in 1439 ms}
{"timestamp":"2025-10-07 21:07:18,899","level":"DEBUG","thread":"restartedMain","logger":"c.a.b.filter.RequestLoggingFilter","message":Filter 'requestLoggingFilter' configured for use}
{"timestamp":"2025-10-07 21:07:19,003","level":"WARN","thread":"restartedMain","logger":"o.s.b.a.s.s.UserDetailsServiceAutoConfiguration","message":

Using generated security password: b6c67e7b-5faf-4ead-b269-34aa9cb1d90e

This generated password is for development use only. Your security configuration must be updated before running your application in production.
}
{"timestamp":"2025-10-07 21:07:19,013","level":"INFO","thread":"restartedMain","logger":"o.s.s.c.a.a.c.InitializeUserDetailsBeanManagerConfigurer$InitializeUserDetailsManagerConfigurer","message":Global AuthenticationManager configured with UserDetailsService bean with name inMemoryUserDetailsManager}
{"timestamp":"2025-10-07 21:07:19,472","level":"INFO","thread":"restartedMain","logger":"o.s.b.d.a.OptionalLiveReloadServer","message":LiveReload server is running on port 35729}
{"timestamp":"2025-10-07 21:07:19,490","level":"INFO","thread":"restartedMain","logger":"o.a.coyote.http11.Http11NioProtocol","message":Starting ProtocolHandler ["http-nio-8080"]}
{"timestamp":"2025-10-07 21:07:19,517","level":"INFO","thread":"restartedMain","logger":"o.s.b.w.e.tomcat.TomcatWebServer","message":Tomcat started on port 8080 (http) with context path '/'}
{"timestamp":"2025-10-07 21:07:19,530","level":"INFO","thread":"restartedMain","logger":"com.app.backend.BackendApplication","message":Started BackendApplication in 3.053 seconds (process running for 3.568)}
{"timestamp":"2025-10-07 21:07:19,534","level":"INFO","thread":"restartedMain","logger":"com.app.backend.BackendApplication","message":? Server started successfully on port 8080}
{"timestamp":"2025-10-07 21:07:22,991","level":"INFO","thread":"http-nio-8080-exec-1","logger":"o.a.c.c.C.[Tomcat].[localhost].[/]","message":Initializing Spring DispatcherServlet 'dispatcherServlet'}
{"timestamp":"2025-10-07 21:07:22,991","level":"INFO","thread":"http-nio-8080-exec-1","logger":"o.s.web.servlet.DispatcherServlet","message":Initializing Servlet 'dispatcherServlet'}
{"timestamp":"2025-10-07 21:07:22,992","level":"INFO","thread":"http-nio-8080-exec-1","logger":"o.s.web.servlet.DispatcherServlet","message":Completed initialization in 1 ms}
{"timestamp":"2025-10-07 21:07:23,032","level":"INFO","thread":"http-nio-8080-exec-1","logger":"c.a.b.controller.HelloController","message":Endpoint /hello zosta³ wywo³any}
{"timestamp":"2025-10-07 21:07:23,061","level":"INFO","thread":"http-nio-8080-exec-1","logger":"c.a.b.filter.RequestLoggingFilter","message":method=GET uri=/hello ip=127.0.0.1 status=200 timeMs=39 ua="Mozilla/5.0 (Windows NT 10.0; Win64; x64; rv:143.0) Gecko/20100101 Firefox/143.0"}
{"timestamp":"2025-10-07 21:31:59,551","level":"INFO","thread":"Test worker","logger":"c.a.backend.BackendApplicationTests","message":Starting BackendApplicationTests using Java 17.0.9 with PID 11520 (started by Neo in C:\Users\Neo\Desktop\WWW\java\springboot-backend)}
{"timestamp":"2025-10-07 21:31:59,553","level":"DEBUG","thread":"Test worker","logger":"c.a.backend.BackendApplicationTests","message":Running with Spring Boot v3.5.6, Spring v6.2.11}
{"timestamp":"2025-10-07 21:31:59,555","level":"INFO","thread":"Test worker","logger":"c.a.backend.BackendApplicationTests","message":No active profile set, falling back to 1 default profile: "default"}
{"timestamp":"2025-10-07 21:32:00,979","level":"WARN","thread":"Test worker","logger":"o.s.b.a.s.s.UserDetailsServiceAutoConfiguration","message":

Using generated security password: c09e93fd-3292-49df-a67c-71ecffb863c4

This generated password is for development use only. Your security configuration must be updated before running your application in production.
}
{"timestamp":"2025-10-07 21:32:00,993","level":"INFO","thread":"Test worker","logger":"o.s.s.c.a.a.c.InitializeUserDetailsBeanManagerConfigurer$InitializeUserDetailsManagerConfigurer","message":Global AuthenticationManager configured with UserDetailsService bean with name inMemoryUserDetailsManager}
{"timestamp":"2025-10-07 21:32:01,820","level":"INFO","thread":"Test worker","logger":"c.a.backend.BackendApplicationTests","message":Started BackendApplicationTests in 2.983 seconds (process running for 4.782)}
{"timestamp":"2025-10-07 21:38:45,835","level":"INFO","thread":"restartedMain","logger":"com.app.backend.BackendApplication","message":Starting BackendApplication using Java 17.0.9 with PID 4188 (C:\Users\Neo\Desktop\WWW\java\springboot-backend\build\classes\java\main started by Neo in C:\Users\Neo\Desktop\WWW\java\springboot-backend)}
{"timestamp":"2025-10-07 21:38:45,837","level":"DEBUG","thread":"restartedMain","logger":"com.app.backend.BackendApplication","message":Running with Spring Boot v3.5.6, Spring v6.2.11}
{"timestamp":"2025-10-07 21:38:45,838","level":"INFO","thread":"restartedMain","logger":"com.app.backend.BackendApplication","message":No active profile set, falling back to 1 default profile: "default"}
{"timestamp":"2025-10-07 21:38:45,903","level":"INFO","thread":"restartedMain","logger":"o.s.b.d.e.DevToolsPropertyDefaultsPostProcessor","message":Devtools property defaults active! Set 'spring.devtools.add-properties' to 'false' to disable}
{"timestamp":"2025-10-07 21:38:45,904","level":"INFO","thread":"restartedMain","logger":"o.s.b.d.e.DevToolsPropertyDefaultsPostProcessor","message":For additional web related logging consider setting the 'logging.level.web' property to 'DEBUG'}
{"timestamp":"2025-10-07 21:38:47,347","level":"INFO","thread":"restartedMain","logger":"o.s.b.w.e.tomcat.TomcatWebServer","message":Tomcat initialized with port 8080 (http)}
{"timestamp":"2025-10-07 21:38:47,367","level":"INFO","thread":"restartedMain","logger":"o.a.coyote.http11.Http11NioProtocol","message":Initializing ProtocolHandler ["http-nio-8080"]}
{"timestamp":"2025-10-07 21:38:47,371","level":"INFO","thread":"restartedMain","logger":"o.a.catalina.core.StandardService","message":Starting service [Tomcat]}
{"timestamp":"2025-10-07 21:38:47,371","level":"INFO","thread":"restartedMain","logger":"o.a.catalina.core.StandardEngine","message":Starting Servlet engine: [Apache Tomcat/10.1.46]}
{"timestamp":"2025-10-07 21:38:47,435","level":"INFO","thread":"restartedMain","logger":"o.a.c.c.C.[Tomcat].[localhost].[/]","message":Initializing Spring embedded WebApplicationContext}
{"timestamp":"2025-10-07 21:38:47,436","level":"INFO","thread":"restartedMain","logger":"o.s.b.w.s.c.ServletWebServerApplicationContext","message":Root WebApplicationContext: initialization completed in 1531 ms}
{"timestamp":"2025-10-07 21:38:47,462","level":"ERROR","thread":"restartedMain","logger":"o.s.b.w.e.tomcat.TomcatStarter","message":Error starting Tomcat context. Exception: org.springframework.beans.factory.BeanCreationException. Message: Error creating bean with name 'globalRateLimiterFilter': Injection of autowired dependencies failed}
{"timestamp":"2025-10-07 21:38:47,511","level":"INFO","thread":"restartedMain","logger":"o.a.catalina.core.StandardService","message":Stopping service [Tomcat]}
{"timestamp":"2025-10-07 21:38:47,519","level":"WARN","thread":"restartedMain","logger":"o.s.b.w.s.c.AnnotationConfigServletWebServerApplicationContext","message":Exception encountered during context initialization - cancelling refresh attempt: org.springframework.context.ApplicationContextException: Unable to start web server}
{"timestamp":"2025-10-07 21:38:47,530","level":"INFO","thread":"restartedMain","logger":"o.s.b.a.l.ConditionEvaluationReportLogger","message":

Error starting ApplicationContext. To display the condition evaluation report re-run your application with 'debug' enabled.}
{"timestamp":"2025-10-07 21:38:47,557","level":"ERROR","thread":"restartedMain","logger":"o.s.boot.SpringApplication","message":Application run failed}
org.springframework.context.ApplicationContextException: Unable to start web server
	at org.springframework.boot.web.servlet.context.ServletWebServerApplicationContext.onRefresh(ServletWebServerApplicationContext.java:170)
	at org.springframework.context.support.AbstractApplicationContext.refresh(AbstractApplicationContext.java:621)
	at org.springframework.boot.web.servlet.context.ServletWebServerApplicationContext.refresh(ServletWebServerApplicationContext.java:146)
	at org.springframework.boot.SpringApplication.refresh(SpringApplication.java:752)
	at org.springframework.boot.SpringApplication.refreshContext(SpringApplication.java:439)
	at org.springframework.boot.SpringApplication.run(SpringApplication.java:318)
	at org.springframework.boot.SpringApplication.run(SpringApplication.java:1361)
	at org.springframework.boot.SpringApplication.run(SpringApplication.java:1350)
	at com.app.backend.BackendApplication.main(BackendApplication.java:13)
	at java.base/jdk.internal.reflect.NativeMethodAccessorImpl.invoke0(Native Method)
	at java.base/jdk.internal.reflect.NativeMethodAccessorImpl.invoke(NativeMethodAccessorImpl.java:77)
	at java.base/jdk.internal.reflect.DelegatingMethodAccessorImpl.invoke(DelegatingMethodAccessorImpl.java:43)
	at java.base/java.lang.reflect.Method.invoke(Method.java:568)
	at org.springframework.boot.devtools.restart.RestartLauncher.run(RestartLauncher.java:50)
Caused by: org.springframework.boot.web.server.WebServerException: Unable to start embedded Tomcat
	at org.springframework.boot.web.embedded.tomcat.TomcatWebServer.initialize(TomcatWebServer.java:147)
	at org.springframework.boot.web.embedded.tomcat.TomcatWebServer.<init>(TomcatWebServer.java:107)
	at org.springframework.boot.web.embedded.tomcat.TomcatServletWebServerFactory.getTomcatWebServer(TomcatServletWebServerFactory.java:517)
	at org.springframework.boot.web.embedded.tomcat.TomcatServletWebServerFactory.getWebServer(TomcatServletWebServerFactory.java:219)
	at org.springframework.boot.web.servlet.context.ServletWebServerApplicationContext.createWebServer(ServletWebServerApplicationContext.java:193)
	at org.springframework.boot.web.servlet.context.ServletWebServerApplicationContext.onRefresh(ServletWebServerApplicationContext.java:167)
	... 13 common frames omitted
Caused by: org.springframework.beans.factory.BeanCreationException: Error creating bean with name 'globalRateLimiterFilter': Injection of autowired dependencies failed
	at org.springframework.beans.factory.annotation.AutowiredAnnotationBeanPostProcessor.postProcessProperties(AutowiredAnnotationBeanPostProcessor.java:515)
	at org.springframework.beans.factory.support.AbstractAutowireCapableBeanFactory.populateBean(AbstractAutowireCapableBeanFactory.java:1459)
	at org.springframework.beans.factory.support.AbstractAutowireCapableBeanFactory.doCreateBean(AbstractAutowireCapableBeanFactory.java:606)
	at org.springframework.beans.factory.support.AbstractAutowireCapableBeanFactory.createBean(AbstractAutowireCapableBeanFactory.java:529)
	at org.springframework.beans.factory.support.AbstractBeanFactory.lambda$doGetBean$0(AbstractBeanFactory.java:339)
	at org.springframework.beans.factory.support.DefaultSingletonBeanRegistry.getSingleton(DefaultSingletonBeanRegistry.java:373)
	at org.springframework.beans.factory.support.AbstractBeanFactory.doGetBean(AbstractBeanFactory.java:337)
	at org.springframework.beans.factory.support.AbstractBeanFactory.getBean(AbstractBeanFactory.java:207)
	at org.springframework.boot.web.servlet.ServletContextInitializerBeans.getOrderedBeansOfType(ServletContextInitializerBeans.java:230)
	at org.springframework.boot.web.servlet.ServletContextInitializerBeans.addAsRegistrationBean(ServletContextInitializerBeans.java:184)
	at org.springframework.boot.web.servlet.ServletContextInitializerBeans.addAsRegistrationBean(ServletContextInitializerBeans.java:179)
	at org.springframework.boot.web.servlet.ServletContextInitializerBeans.addAdaptableBeans(ServletContextInitializerBeans.java:164)
	at org.springframework.boot.web.servlet.ServletContextInitializerBeans.<init>(ServletContextInitializerBeans.java:96)
	at org.springframework.boot.web.servlet.context.ServletWebServerApplicationContext.getServletContextInitializerBeans(ServletWebServerApplicationContext.java:271)
	at org.springframework.boot.web.servlet.context.ServletWebServerApplicationContext.selfInitialize(ServletWebServerApplicationContext.java:245)
	at org.springframework.boot.web.embedded.tomcat.TomcatStarter.onStartup(TomcatStarter.java:52)
	at org.apache.catalina.core.StandardContext.startInternal(StandardContext.java:4464)
	at org.apache.catalina.util.LifecycleBase.start(LifecycleBase.java:164)
	at org.apache.catalina.core.ContainerBase$StartChild.call(ContainerBase.java:1203)
	at org.apache.catalina.core.ContainerBase$StartChild.call(ContainerBase.java:1193)
	at java.base/java.util.concurrent.FutureTask.run(FutureTask.java:264)
	at org.apache.tomcat.util.threads.InlineExecutorService.execute(InlineExecutorService.java:81)
	at java.base/java.util.concurrent.AbstractExecutorService.submit(AbstractExecutorService.java:145)
	at org.apache.catalina.core.ContainerBase.startInternal(ContainerBase.java:749)
	at org.apache.catalina.core.StandardHost.startInternal(StandardHost.java:773)
	at org.apache.catalina.util.LifecycleBase.start(LifecycleBase.java:164)
	at org.apache.catalina.core.ContainerBase$StartChild.call(ContainerBase.java:1203)
	at org.apache.catalina.core.ContainerBase$StartChild.call(ContainerBase.java:1193)
	at java.base/java.util.concurrent.FutureTask.run(FutureTask.java:264)
	at org.apache.tomcat.util.threads.InlineExecutorService.execute(InlineExecutorService.java:81)
	at java.base/java.util.concurrent.AbstractExecutorService.submit(AbstractExecutorService.java:145)
	at org.apache.catalina.core.ContainerBase.startInternal(ContainerBase.java:749)
	at org.apache.catalina.core.StandardEngine.startInternal(StandardEngine.java:203)
	at org.apache.catalina.util.LifecycleBase.start(LifecycleBase.java:164)
	at org.apache.catalina.core.StandardService.startInternal(StandardService.java:412)
	at org.apache.catalina.util.LifecycleBase.start(LifecycleBase.java:164)
	at org.apache.catalina.core.StandardServer.startInternal(StandardServer.java:870)
	at org.apache.catalina.util.LifecycleBase.start(LifecycleBase.java:164)
	at org.apache.catalina.startup.Tomcat.start(Tomcat.java:438)
	at org.springframework.boot.web.embedded.tomcat.TomcatWebServer.initialize(TomcatWebServer.java:128)
	... 18 common frames omitted
Caused by: org.springframework.util.PlaceholderResolutionException: Could not resolve placeholder 'RATELIMITER_REQUESTS' in value "${RATELIMITER_REQUESTS}"
	at org.springframework.util.PlaceholderResolutionException.withValue(PlaceholderResolutionException.java:81)
	at org.springframework.util.PlaceholderParser$ParsedValue.resolve(PlaceholderParser.java:423)
	at org.springframework.util.PlaceholderParser.replacePlaceholders(PlaceholderParser.java:128)
	at org.springframework.util.PropertyPlaceholderHelper.parseStringValue(PropertyPlaceholderHelper.java:118)
	at org.springframework.util.PropertyPlaceholderHelper.replacePlaceholders(PropertyPlaceholderHelper.java:114)
	at org.springframework.core.env.AbstractPropertyResolver.doResolvePlaceholders(AbstractPropertyResolver.java:293)
	at org.springframework.core.env.AbstractPropertyResolver.resolveRequiredPlaceholders(AbstractPropertyResolver.java:264)
	at org.springframework.context.support.PropertySourcesPlaceholderConfigurer.lambda$processProperties$0(PropertySourcesPlaceholderConfigurer.java:186)
	at org.springframework.beans.factory.support.AbstractBeanFactory.resolveEmbeddedValue(AbstractBeanFactory.java:970)
	at org.springframework.beans.factory.support.DefaultListableBeanFactory.doResolveDependency(DefaultListableBeanFactory.java:1665)
	at org.springframework.beans.factory.support.DefaultListableBeanFactory.resolveDependency(DefaultListableBeanFactory.java:1643)
	at org.springframework.beans.factory.annotation.AutowiredAnnotationBeanPostProcessor$AutowiredFieldElement.resolveFieldValue(AutowiredAnnotationBeanPostProcessor.java:785)
	at org.springframework.beans.factory.annotation.AutowiredAnnotationBeanPostProcessor$AutowiredFieldElement.inject(AutowiredAnnotationBeanPostProcessor.java:768)
	at org.springframework.beans.factory.annotation.InjectionMetadata.inject(InjectionMetadata.java:146)
	at org.springframework.beans.factory.annotation.AutowiredAnnotationBeanPostProcessor.postProcessProperties(AutowiredAnnotationBeanPostProcessor.java:509)
	... 57 common frames omitted
{"timestamp":"2025-10-07 21:43:25,203","level":"INFO","thread":"Test worker","logger":"c.a.backend.BackendApplicationTests","message":Starting BackendApplicationTests using Java 17.0.9 with PID 11604 (started by Neo in C:\Users\Neo\Desktop\WWW\java\springboot-backend)}
{"timestamp":"2025-10-07 21:43:25,205","level":"DEBUG","thread":"Test worker","logger":"c.a.backend.BackendApplicationTests","message":Running with Spring Boot v3.5.6, Spring v6.2.11}
{"timestamp":"2025-10-07 21:43:25,206","level":"INFO","thread":"Test worker","logger":"c.a.backend.BackendApplicationTests","message":No active profile set, falling back to 1 default profile: "default"}
{"timestamp":"2025-10-07 21:43:26,534","level":"WARN","thread":"Test worker","logger":"o.s.w.c.s.GenericWebApplicationContext","message":Exception encountered during context initialization - cancelling refresh attempt: org.springframework.beans.factory.BeanCreationException: Error creating bean with name 'globalRateLimiterFilter': Injection of autowired dependencies failed}
{"timestamp":"2025-10-07 21:43:26,612","level":"INFO","thread":"Test worker","logger":"o.s.b.a.l.ConditionEvaluationReportLogger","message":

Error starting ApplicationContext. To display the condition evaluation report re-run your application with 'debug' enabled.}
{"timestamp":"2025-10-07 21:43:26,650","level":"ERROR","thread":"Test worker","logger":"o.s.boot.SpringApplication","message":Application run failed}
org.springframework.beans.factory.BeanCreationException: Error creating bean with name 'globalRateLimiterFilter': Injection of autowired dependencies failed
	at org.springframework.beans.factory.annotation.AutowiredAnnotationBeanPostProcessor.postProcessProperties(AutowiredAnnotationBeanPostProcessor.java:515)
	at org.springframework.beans.factory.support.AbstractAutowireCapableBeanFactory.populateBean(AbstractAutowireCapableBeanFactory.java:1459)
	at org.springframework.beans.factory.support.AbstractAutowireCapableBeanFactory.doCreateBean(AbstractAutowireCapableBeanFactory.java:606)
	at org.springframework.beans.factory.support.AbstractAutowireCapableBeanFactory.createBean(AbstractAutowireCapableBeanFactory.java:529)
	at org.springframework.beans.factory.support.AbstractBeanFactory.lambda$doGetBean$0(AbstractBeanFactory.java:339)
	at org.springframework.beans.factory.support.DefaultSingletonBeanRegistry.getSingleton(DefaultSingletonBeanRegistry.java:373)
	at org.springframework.beans.factory.support.AbstractBeanFactory.doGetBean(AbstractBeanFactory.java:337)
	at org.springframework.beans.factory.support.AbstractBeanFactory.getBean(AbstractBeanFactory.java:202)
	at org.springframework.beans.factory.support.DefaultListableBeanFactory.instantiateSingleton(DefaultListableBeanFactory.java:1221)
	at org.springframework.beans.factory.support.DefaultListableBeanFactory.preInstantiateSingleton(DefaultListableBeanFactory.java:1187)
	at org.springframework.beans.factory.support.DefaultListableBeanFactory.preInstantiateSingletons(DefaultListableBeanFactory.java:1123)
	at org.springframework.context.support.AbstractApplicationContext.finishBeanFactoryInitialization(AbstractApplicationContext.java:987)
	at org.springframework.context.support.AbstractApplicationContext.refresh(AbstractApplicationContext.java:627)
	at org.springframework.boot.SpringApplication.refresh(SpringApplication.java:752)
	at org.springframework.boot.SpringApplication.refreshContext(SpringApplication.java:439)
	at org.springframework.boot.SpringApplication.run(SpringApplication.java:318)
	at org.springframework.boot.test.context.SpringBootContextLoader.lambda$loadContext$3(SpringBootContextLoader.java:144)
	at org.springframework.util.function.ThrowingSupplier.get(ThrowingSupplier.java:58)
	at org.springframework.util.function.ThrowingSupplier.get(ThrowingSupplier.java:46)
	at org.springframework.boot.SpringApplication.withHook(SpringApplication.java:1461)
	at org.springframework.boot.test.context.SpringBootContextLoader$ContextLoaderHook.run(SpringBootContextLoader.java:563)
	at org.springframework.boot.test.context.SpringBootContextLoader.loadContext(SpringBootContextLoader.java:144)
	at org.springframework.boot.test.context.SpringBootContextLoader.loadContext(SpringBootContextLoader.java:110)
	at org.springframework.test.context.cache.DefaultCacheAwareContextLoaderDelegate.loadContextInternal(DefaultCacheAwareContextLoaderDelegate.java:225)
	at org.springframework.test.context.cache.DefaultCacheAwareContextLoaderDelegate.loadContext(DefaultCacheAwareContextLoaderDelegate.java:152)
	at org.springframework.test.context.support.DefaultTestContext.getApplicationContext(DefaultTestContext.java:130)
	at org.springframework.test.context.web.ServletTestExecutionListener.setUpRequestContextIfNecessary(ServletTestExecutionListener.java:200)
	at org.springframework.test.context.web.ServletTestExecutionListener.prepareTestInstance(ServletTestExecutionListener.java:139)
	at org.springframework.test.context.TestContextManager.prepareTestInstance(TestContextManager.java:260)
	at org.springframework.test.context.junit.jupiter.SpringExtension.postProcessTestInstance(SpringExtension.java:159)
	at org.junit.jupiter.engine.descriptor.ClassBasedTestDescriptor.lambda$invokeTestInstancePostProcessors$10(ClassBasedTestDescriptor.java:383)
	at org.junit.jupiter.engine.descriptor.ClassBasedTestDescriptor.executeAndMaskThrowable(ClassBasedTestDescriptor.java:388)
	at org.junit.jupiter.engine.descriptor.ClassBasedTestDescriptor.lambda$invokeTestInstancePostProcessors$11(ClassBasedTestDescriptor.java:382)
	at java.base/java.util.stream.ForEachOps$ForEachOp$OfRef.accept(ForEachOps.java:183)
	at java.base/java.util.stream.ReferencePipeline$3$1.accept(ReferencePipeline.java:197)
	at java.base/java.util.stream.ReferencePipeline$2$1.accept(ReferencePipeline.java:179)
	at java.base/java.util.stream.ReferencePipeline$3$1.accept(ReferencePipeline.java:197)
	at java.base/java.util.ArrayList$ArrayListSpliterator.forEachRemaining(ArrayList.java:1625)
	at java.base/java.util.stream.AbstractPipeline.copyInto(AbstractPipeline.java:509)
	at java.base/java.util.stream.AbstractPipeline.wrapAndCopyInto(AbstractPipeline.java:499)
	at java.base/java.util.stream.ForEachOps$ForEachOp.evaluateSequential(ForEachOps.java:150)
	at java.base/java.util.stream.ForEachOps$ForEachOp$OfRef.evaluateSequential(ForEachOps.java:173)
	at java.base/java.util.stream.AbstractPipeline.evaluate(AbstractPipeline.java:234)
	at java.base/java.util.stream.ReferencePipeline.forEach(ReferencePipeline.java:596)
	at org.junit.jupiter.engine.descriptor.ClassBasedTestDescriptor.invokeTestInstancePostProcessors(ClassBasedTestDescriptor.java:382)
	at org.junit.jupiter.engine.descriptor.ClassBasedTestDescriptor.lambda$instantiateAndPostProcessTestInstance$6(ClassBasedTestDescriptor.java:293)
	at org.junit.platform.engine.support.hierarchical.ThrowableCollector.execute(ThrowableCollector.java:73)
	at org.junit.jupiter.engine.descriptor.ClassBasedTestDescriptor.instantiateAndPostProcessTestInstance(ClassBasedTestDescriptor.java:292)
	at org.junit.jupiter.engine.descriptor.ClassBasedTestDescriptor.lambda$testInstancesProvider$4(ClassBasedTestDescriptor.java:281)
	at java.base/java.util.Optional.orElseGet(Optional.java:364)
	at org.junit.jupiter.engine.descriptor.ClassBasedTestDescriptor.lambda$testInstancesProvider$5(ClassBasedTestDescriptor.java:280)
	at org.junit.jupiter.engine.execution.TestInstancesProvider.getTestInstances(TestInstancesProvider.java:27)
	at org.junit.jupiter.engine.descriptor.TestMethodTestDescriptor.lambda$prepare$0(TestMethodTestDescriptor.java:112)
	at org.junit.platform.engine.support.hierarchical.ThrowableCollector.execute(ThrowableCollector.java:73)
	at org.junit.jupiter.engine.descriptor.TestMethodTestDescriptor.prepare(TestMethodTestDescriptor.java:111)
	at org.junit.jupiter.engine.descriptor.TestMethodTestDescriptor.prepare(TestMethodTestDescriptor.java:69)
	at org.junit.platform.engine.support.hierarchical.NodeTestTask.lambda$prepare$2(NodeTestTask.java:128)
	at org.junit.platform.engine.support.hierarchical.ThrowableCollector.execute(ThrowableCollector.java:73)
	at org.junit.platform.engine.support.hierarchical.NodeTestTask.prepare(NodeTestTask.java:128)
	at org.junit.platform.engine.support.hierarchical.NodeTestTask.execute(NodeTestTask.java:95)
	at java.base/java.util.ArrayList.forEach(ArrayList.java:1511)
	at org.junit.platform.engine.support.hierarchical.SameThreadHierarchicalTestExecutorService.invokeAll(SameThreadHierarchicalTestExecutorService.java:41)
	at org.junit.platform.engine.support.hierarchical.NodeTestTask.lambda$executeRecursively$6(NodeTestTask.java:160)
	at org.junit.platform.engine.support.hierarchical.ThrowableCollector.execute(ThrowableCollector.java:73)
	at org.junit.platform.engine.support.hierarchical.NodeTestTask.lambda$executeRecursively$8(NodeTestTask.java:146)
	at org.junit.platform.engine.support.hierarchical.Node.around(Node.java:137)
	at org.junit.platform.engine.support.hierarchical.NodeTestTask.lambda$executeRecursively$9(NodeTestTask.java:144)
	at org.junit.platform.engine.support.hierarchical.ThrowableCollector.execute(ThrowableCollector.java:73)
	at org.junit.platform.engine.support.hierarchical.NodeTestTask.executeRecursively(NodeTestTask.java:143)
	at org.junit.platform.engine.support.hierarchical.NodeTestTask.execute(NodeTestTask.java:100)
	at java.base/java.util.ArrayList.forEach(ArrayList.java:1511)
	at org.junit.platform.engine.support.hierarchical.SameThreadHierarchicalTestExecutorService.invokeAll(SameThreadHierarchicalTestExecutorService.java:41)
	at org.junit.platform.engine.support.hierarchical.NodeTestTask.lambda$executeRecursively$6(NodeTestTask.java:160)
	at org.junit.platform.engine.support.hierarchical.ThrowableCollector.execute(ThrowableCollector.java:73)
	at org.junit.platform.engine.support.hierarchical.NodeTestTask.lambda$executeRecursively$8(NodeTestTask.java:146)
	at org.junit.platform.engine.support.hierarchical.Node.around(Node.java:137)
	at org.junit.platform.engine.support.hierarchical.NodeTestTask.lambda$executeRecursively$9(NodeTestTask.java:144)
	at org.junit.platform.engine.support.hierarchical.ThrowableCollector.execute(ThrowableCollector.java:73)
	at org.junit.platform.engine.support.hierarchical.NodeTestTask.executeRecursively(NodeTestTask.java:143)
	at org.junit.platform.engine.support.hierarchical.NodeTestTask.execute(NodeTestTask.java:100)
	at org.junit.platform.engine.support.hierarchical.SameThreadHierarchicalTestExecutorService.submit(SameThreadHierarchicalTestExecutorService.java:35)
	at org.junit.platform.engine.support.hierarchical.HierarchicalTestExecutor.execute(HierarchicalTestExecutor.java:57)
	at org.junit.platform.engine.support.hierarchical.HierarchicalTestEngine.execute(HierarchicalTestEngine.java:54)
	at org.junit.platform.launcher.core.EngineExecutionOrchestrator.execute(EngineExecutionOrchestrator.java:201)
	at org.junit.platform.launcher.core.EngineExecutionOrchestrator.execute(EngineExecutionOrchestrator.java:170)
	at org.junit.platform.launcher.core.EngineExecutionOrchestrator.execute(EngineExecutionOrchestrator.java:94)
	at org.junit.platform.launcher.core.EngineExecutionOrchestrator.lambda$execute$0(EngineExecutionOrchestrator.java:59)
	at org.junit.platform.launcher.core.EngineExecutionOrchestrator.withInterceptedStreams(EngineExecutionOrchestrator.java:142)
	at org.junit.platform.launcher.core.EngineExecutionOrchestrator.execute(EngineExecutionOrchestrator.java:58)
	at org.junit.platform.launcher.core.DefaultLauncher.execute(DefaultLauncher.java:103)
	at org.junit.platform.launcher.core.DefaultLauncher.execute(DefaultLauncher.java:85)
	at org.junit.platform.launcher.core.DelegatingLauncher.execute(DelegatingLauncher.java:47)
	at org.junit.platform.launcher.core.InterceptingLauncher.lambda$execute$1(InterceptingLauncher.java:39)
	at org.junit.platform.launcher.core.ClasspathAlignmentCheckingLauncherInterceptor.intercept(ClasspathAlignmentCheckingLauncherInterceptor.java:25)
	at org.junit.platform.launcher.core.InterceptingLauncher.execute(InterceptingLauncher.java:38)
	at org.junit.platform.launcher.core.DelegatingLauncher.execute(DelegatingLauncher.java:47)
	at org.gradle.api.internal.tasks.testing.junitplatform.JUnitPlatformTestClassProcessor$CollectAllTestClassesExecutor.processAllTestClasses(JUnitPlatformTestClassProcessor.java:124)
	at org.gradle.api.internal.tasks.testing.junitplatform.JUnitPlatformTestClassProcessor$CollectAllTestClassesExecutor.access$000(JUnitPlatformTestClassProcessor.java:99)
	at org.gradle.api.internal.tasks.testing.junitplatform.JUnitPlatformTestClassProcessor.stop(JUnitPlatformTestClassProcessor.java:94)
	at org.gradle.api.internal.tasks.testing.SuiteTestClassProcessor.stop(SuiteTestClassProcessor.java:63)
	at java.base/jdk.internal.reflect.NativeMethodAccessorImpl.invoke0(Native Method)
	at java.base/jdk.internal.reflect.NativeMethodAccessorImpl.invoke(NativeMethodAccessorImpl.java:77)
	at java.base/jdk.internal.reflect.DelegatingMethodAccessorImpl.invoke(DelegatingMethodAccessorImpl.java:43)
	at java.base/java.lang.reflect.Method.invoke(Method.java:568)
	at org.gradle.internal.dispatch.ReflectionDispatch.dispatch(ReflectionDispatch.java:36)
	at org.gradle.internal.dispatch.ReflectionDispatch.dispatch(ReflectionDispatch.java:24)
	at org.gradle.internal.dispatch.ContextClassLoaderDispatch.dispatch(ContextClassLoaderDispatch.java:33)
	at org.gradle.internal.dispatch.ProxyDispatchAdapter$DispatchingInvocationHandler.invoke(ProxyDispatchAdapter.java:92)
	at jdk.proxy1/jdk.proxy1.$Proxy4.stop(Unknown Source)
	at org.gradle.api.internal.tasks.testing.worker.TestWorker$3.run(TestWorker.java:200)
	at org.gradle.api.internal.tasks.testing.worker.TestWorker.executeAndMaintainThreadName(TestWorker.java:132)
	at org.gradle.api.internal.tasks.testing.worker.TestWorker.execute(TestWorker.java:103)
	at org.gradle.api.internal.tasks.testing.worker.TestWorker.execute(TestWorker.java:63)
	at org.gradle.process.internal.worker.child.ActionExecutionWorker.execute(ActionExecutionWorker.java:56)
	at org.gradle.process.internal.worker.child.SystemApplicationClassLoaderWorker.call(SystemApplicationClassLoaderWorker.java:122)
	at org.gradle.process.internal.worker.child.SystemApplicationClassLoaderWorker.call(SystemApplicationClassLoaderWorker.java:72)
	at worker.org.gradle.process.internal.worker.GradleWorkerMain.run(GradleWorkerMain.java:69)
	at worker.org.gradle.process.internal.worker.GradleWorkerMain.main(GradleWorkerMain.java:74)
Caused by: org.springframework.util.PlaceholderResolutionException: Could not resolve placeholder 'RATELIMITER_REQUESTS' in value "${RATELIMITER_REQUESTS}"
	at org.springframework.util.PlaceholderResolutionException.withValue(PlaceholderResolutionException.java:81)
	at org.springframework.util.PlaceholderParser$ParsedValue.resolve(PlaceholderParser.java:423)
	at org.springframework.util.PlaceholderParser.replacePlaceholders(PlaceholderParser.java:128)
	at org.springframework.util.PropertyPlaceholderHelper.parseStringValue(PropertyPlaceholderHelper.java:118)
	at org.springframework.util.PropertyPlaceholderHelper.replacePlaceholders(PropertyPlaceholderHelper.java:114)
	at org.springframework.core.env.AbstractPropertyResolver.doResolvePlaceholders(AbstractPropertyResolver.java:293)
	at org.springframework.core.env.AbstractPropertyResolver.resolveRequiredPlaceholders(AbstractPropertyResolver.java:264)
	at org.springframework.context.support.PropertySourcesPlaceholderConfigurer.lambda$processProperties$0(PropertySourcesPlaceholderConfigurer.java:186)
	at org.springframework.beans.factory.support.AbstractBeanFactory.resolveEmbeddedValue(AbstractBeanFactory.java:970)
	at org.springframework.beans.factory.support.DefaultListableBeanFactory.doResolveDependency(DefaultListableBeanFactory.java:1665)
	at org.springframework.beans.factory.support.DefaultListableBeanFactory.resolveDependency(DefaultListableBeanFactory.java:1643)
	at org.springframework.beans.factory.annotation.AutowiredAnnotationBeanPostProcessor$AutowiredFieldElement.resolveFieldValue(AutowiredAnnotationBeanPostProcessor.java:785)
	at org.springframework.beans.factory.annotation.AutowiredAnnotationBeanPostProcessor$AutowiredFieldElement.inject(AutowiredAnnotationBeanPostProcessor.java:768)
	at org.springframework.beans.factory.annotation.InjectionMetadata.inject(InjectionMetadata.java:146)
	at org.springframework.beans.factory.annotation.AutowiredAnnotationBeanPostProcessor.postProcessProperties(AutowiredAnnotationBeanPostProcessor.java:509)
	... 117 common frames omitted
{"timestamp":"2025-10-07 21:43:26,662","level":"WARN","thread":"Test worker","logger":"o.s.test.context.TestContextManager","message":Caught exception while allowing TestExecutionListener [org.springframework.test.context.web.ServletTestExecutionListener] to prepare test instance [com.app.backend.BackendApplicationTests@4ea56bdb]}
java.lang.IllegalStateException: Failed to load ApplicationContext for [WebMergedContextConfiguration@4ef4f627 testClass = com.app.backend.BackendApplicationTests, locations = [], classes = [com.app.backend.BackendApplication], contextInitializerClasses = [], activeProfiles = [], propertySourceDescriptors = [], propertySourceProperties = ["org.springframework.boot.test.context.SpringBootTestContextBootstrapper=true"], contextCustomizers = [org.springframework.boot.test.autoconfigure.OnFailureConditionReportContextCustomizerFactory$OnFailureConditionReportContextCustomizer@3bd418e4, org.springframework.boot.test.autoconfigure.actuate.observability.ObservabilityContextCustomizerFactory$DisableObservabilityContextCustomizer@1f, org.springframework.boot.test.autoconfigure.properties.PropertyMappingContextCustomizer@0, org.springframework.boot.test.autoconfigure.web.servlet.WebDriverContextCustomizer@3a0d172f, org.springframework.boot.test.context.filter.ExcludeFilterContextCustomizer@2e9fda69, org.springframework.boot.test.json.DuplicateJsonObjectContextCustomizerFactory$DuplicateJsonObjectContextCustomizer@5b529706, org.springframework.boot.test.mock.mockito.MockitoContextCustomizer@0, org.springframework.boot.test.web.client.TestRestTemplateContextCustomizer@4e70a728, org.springframework.boot.test.web.reactor.netty.DisableReactorResourceFactoryGlobalResourcesContextCustomizerFactory$DisableReactorResourceFactoryGlobalResourcesContextCustomizerCustomizer@4b7e96a, org.springframework.test.context.support.DynamicPropertiesContextCustomizer@0, org.springframework.boot.test.context.SpringBootTestAnnotation@1952c8e5], resourceBasePath = "src/main/webapp", contextLoader = org.springframework.boot.test.context.SpringBootContextLoader, parent = null]
	at org.springframework.test.context.cache.DefaultCacheAwareContextLoaderDelegate.loadContext(DefaultCacheAwareContextLoaderDelegate.java:180)
	at org.springframework.test.context.support.DefaultTestContext.getApplicationContext(DefaultTestContext.java:130)
	at org.springframework.test.context.web.ServletTestExecutionListener.setUpRequestContextIfNecessary(ServletTestExecutionListener.java:200)
	at org.springframework.test.context.web.ServletTestExecutionListener.prepareTestInstance(ServletTestExecutionListener.java:139)
	at org.springframework.test.context.TestContextManager.prepareTestInstance(TestContextManager.java:260)
	at org.springframework.test.context.junit.jupiter.SpringExtension.postProcessTestInstance(SpringExtension.java:159)
	at org.junit.jupiter.engine.descriptor.ClassBasedTestDescriptor.lambda$invokeTestInstancePostProcessors$10(ClassBasedTestDescriptor.java:383)
	at org.junit.jupiter.engine.descriptor.ClassBasedTestDescriptor.executeAndMaskThrowable(ClassBasedTestDescriptor.java:388)
	at org.junit.jupiter.engine.descriptor.ClassBasedTestDescriptor.lambda$invokeTestInstancePostProcessors$11(ClassBasedTestDescriptor.java:382)
	at java.base/java.util.stream.ForEachOps$ForEachOp$OfRef.accept(ForEachOps.java:183)
	at java.base/java.util.stream.ReferencePipeline$3$1.accept(ReferencePipeline.java:197)
	at java.base/java.util.stream.ReferencePipeline$2$1.accept(ReferencePipeline.java:179)
	at java.base/java.util.stream.ReferencePipeline$3$1.accept(ReferencePipeline.java:197)
	at java.base/java.util.ArrayList$ArrayListSpliterator.forEachRemaining(ArrayList.java:1625)
	at java.base/java.util.stream.AbstractPipeline.copyInto(AbstractPipeline.java:509)
	at java.base/java.util.stream.AbstractPipeline.wrapAndCopyInto(AbstractPipeline.java:499)
	at java.base/java.util.stream.ForEachOps$ForEachOp.evaluateSequential(ForEachOps.java:150)
	at java.base/java.util.stream.ForEachOps$ForEachOp$OfRef.evaluateSequential(ForEachOps.java:173)
	at java.base/java.util.stream.AbstractPipeline.evaluate(AbstractPipeline.java:234)
	at java.base/java.util.stream.ReferencePipeline.forEach(ReferencePipeline.java:596)
	at org.junit.jupiter.engine.descriptor.ClassBasedTestDescriptor.invokeTestInstancePostProcessors(ClassBasedTestDescriptor.java:382)
	at org.junit.jupiter.engine.descriptor.ClassBasedTestDescriptor.lambda$instantiateAndPostProcessTestInstance$6(ClassBasedTestDescriptor.java:293)
	at org.junit.platform.engine.support.hierarchical.ThrowableCollector.execute(ThrowableCollector.java:73)
	at org.junit.jupiter.engine.descriptor.ClassBasedTestDescriptor.instantiateAndPostProcessTestInstance(ClassBasedTestDescriptor.java:292)
	at org.junit.jupiter.engine.descriptor.ClassBasedTestDescriptor.lambda$testInstancesProvider$4(ClassBasedTestDescriptor.java:281)
	at java.base/java.util.Optional.orElseGet(Optional.java:364)
	at org.junit.jupiter.engine.descriptor.ClassBasedTestDescriptor.lambda$testInstancesProvider$5(ClassBasedTestDescriptor.java:280)
	at org.junit.jupiter.engine.execution.TestInstancesProvider.getTestInstances(TestInstancesProvider.java:27)
	at org.junit.jupiter.engine.descriptor.TestMethodTestDescriptor.lambda$prepare$0(TestMethodTestDescriptor.java:112)
	at org.junit.platform.engine.support.hierarchical.ThrowableCollector.execute(ThrowableCollector.java:73)
	at org.junit.jupiter.engine.descriptor.TestMethodTestDescriptor.prepare(TestMethodTestDescriptor.java:111)
	at org.junit.jupiter.engine.descriptor.TestMethodTestDescriptor.prepare(TestMethodTestDescriptor.java:69)
	at org.junit.platform.engine.support.hierarchical.NodeTestTask.lambda$prepare$2(NodeTestTask.java:128)
	at org.junit.platform.engine.support.hierarchical.ThrowableCollector.execute(ThrowableCollector.java:73)
	at org.junit.platform.engine.support.hierarchical.NodeTestTask.prepare(NodeTestTask.java:128)
	at org.junit.platform.engine.support.hierarchical.NodeTestTask.execute(NodeTestTask.java:95)
	at java.base/java.util.ArrayList.forEach(ArrayList.java:1511)
	at org.junit.platform.engine.support.hierarchical.SameThreadHierarchicalTestExecutorService.invokeAll(SameThreadHierarchicalTestExecutorService.java:41)
	at org.junit.platform.engine.support.hierarchical.NodeTestTask.lambda$executeRecursively$6(NodeTestTask.java:160)
	at org.junit.platform.engine.support.hierarchical.ThrowableCollector.execute(ThrowableCollector.java:73)
	at org.junit.platform.engine.support.hierarchical.NodeTestTask.lambda$executeRecursively$8(NodeTestTask.java:146)
	at org.junit.platform.engine.support.hierarchical.Node.around(Node.java:137)
	at org.junit.platform.engine.support.hierarchical.NodeTestTask.lambda$executeRecursively$9(NodeTestTask.java:144)
	at org.junit.platform.engine.support.hierarchical.ThrowableCollector.execute(ThrowableCollector.java:73)
	at org.junit.platform.engine.support.hierarchical.NodeTestTask.executeRecursively(NodeTestTask.java:143)
	at org.junit.platform.engine.support.hierarchical.NodeTestTask.execute(NodeTestTask.java:100)
	at java.base/java.util.ArrayList.forEach(ArrayList.java:1511)
	at org.junit.platform.engine.support.hierarchical.SameThreadHierarchicalTestExecutorService.invokeAll(SameThreadHierarchicalTestExecutorService.java:41)
	at org.junit.platform.engine.support.hierarchical.NodeTestTask.lambda$executeRecursively$6(NodeTestTask.java:160)
	at org.junit.platform.engine.support.hierarchical.ThrowableCollector.execute(ThrowableCollector.java:73)
	at org.junit.platform.engine.support.hierarchical.NodeTestTask.lambda$executeRecursively$8(NodeTestTask.java:146)
	at org.junit.platform.engine.support.hierarchical.Node.around(Node.java:137)
	at org.junit.platform.engine.support.hierarchical.NodeTestTask.lambda$executeRecursively$9(NodeTestTask.java:144)
	at org.junit.platform.engine.support.hierarchical.ThrowableCollector.execute(ThrowableCollector.java:73)
	at org.junit.platform.engine.support.hierarchical.NodeTestTask.executeRecursively(NodeTestTask.java:143)
	at org.junit.platform.engine.support.hierarchical.NodeTestTask.execute(NodeTestTask.java:100)
	at org.junit.platform.engine.support.hierarchical.SameThreadHierarchicalTestExecutorService.submit(SameThreadHierarchicalTestExecutorService.java:35)
	at org.junit.platform.engine.support.hierarchical.HierarchicalTestExecutor.execute(HierarchicalTestExecutor.java:57)
	at org.junit.platform.engine.support.hierarchical.HierarchicalTestEngine.execute(HierarchicalTestEngine.java:54)
	at org.junit.platform.launcher.core.EngineExecutionOrchestrator.execute(EngineExecutionOrchestrator.java:201)
	at org.junit.platform.launcher.core.EngineExecutionOrchestrator.execute(EngineExecutionOrchestrator.java:170)
	at org.junit.platform.launcher.core.EngineExecutionOrchestrator.execute(EngineExecutionOrchestrator.java:94)
	at org.junit.platform.launcher.core.EngineExecutionOrchestrator.lambda$execute$0(EngineExecutionOrchestrator.java:59)
	at org.junit.platform.launcher.core.EngineExecutionOrchestrator.withInterceptedStreams(EngineExecutionOrchestrator.java:142)
	at org.junit.platform.launcher.core.EngineExecutionOrchestrator.execute(EngineExecutionOrchestrator.java:58)
	at org.junit.platform.launcher.core.DefaultLauncher.execute(DefaultLauncher.java:103)
	at org.junit.platform.launcher.core.DefaultLauncher.execute(DefaultLauncher.java:85)
	at org.junit.platform.launcher.core.DelegatingLauncher.execute(DelegatingLauncher.java:47)
	at org.junit.platform.launcher.core.InterceptingLauncher.lambda$execute$1(InterceptingLauncher.java:39)
	at org.junit.platform.launcher.core.ClasspathAlignmentCheckingLauncherInterceptor.intercept(ClasspathAlignmentCheckingLauncherInterceptor.java:25)
	at org.junit.platform.launcher.core.InterceptingLauncher.execute(InterceptingLauncher.java:38)
	at org.junit.platform.launcher.core.DelegatingLauncher.execute(DelegatingLauncher.java:47)
	at org.gradle.api.internal.tasks.testing.junitplatform.JUnitPlatformTestClassProcessor$CollectAllTestClassesExecutor.processAllTestClasses(JUnitPlatformTestClassProcessor.java:124)
	at org.gradle.api.internal.tasks.testing.junitplatform.JUnitPlatformTestClassProcessor$CollectAllTestClassesExecutor.access$000(JUnitPlatformTestClassProcessor.java:99)
	at org.gradle.api.internal.tasks.testing.junitplatform.JUnitPlatformTestClassProcessor.stop(JUnitPlatformTestClassProcessor.java:94)
	at org.gradle.api.internal.tasks.testing.SuiteTestClassProcessor.stop(SuiteTestClassProcessor.java:63)
	at java.base/jdk.internal.reflect.NativeMethodAccessorImpl.invoke0(Native Method)
	at java.base/jdk.internal.reflect.NativeMethodAccessorImpl.invoke(NativeMethodAccessorImpl.java:77)
	at java.base/jdk.internal.reflect.DelegatingMethodAccessorImpl.invoke(DelegatingMethodAccessorImpl.java:43)
	at java.base/java.lang.reflect.Method.invoke(Method.java:568)
	at org.gradle.internal.dispatch.ReflectionDispatch.dispatch(ReflectionDispatch.java:36)
	at org.gradle.internal.dispatch.ReflectionDispatch.dispatch(ReflectionDispatch.java:24)
	at org.gradle.internal.dispatch.ContextClassLoaderDispatch.dispatch(ContextClassLoaderDispatch.java:33)
	at org.gradle.internal.dispatch.ProxyDispatchAdapter$DispatchingInvocationHandler.invoke(ProxyDispatchAdapter.java:92)
	at jdk.proxy1/jdk.proxy1.$Proxy4.stop(Unknown Source)
	at org.gradle.api.internal.tasks.testing.worker.TestWorker$3.run(TestWorker.java:200)
	at org.gradle.api.internal.tasks.testing.worker.TestWorker.executeAndMaintainThreadName(TestWorker.java:132)
	at org.gradle.api.internal.tasks.testing.worker.TestWorker.execute(TestWorker.java:103)
	at org.gradle.api.internal.tasks.testing.worker.TestWorker.execute(TestWorker.java:63)
	at org.gradle.process.internal.worker.child.ActionExecutionWorker.execute(ActionExecutionWorker.java:56)
	at org.gradle.process.internal.worker.child.SystemApplicationClassLoaderWorker.call(SystemApplicationClassLoaderWorker.java:122)
	at org.gradle.process.internal.worker.child.SystemApplicationClassLoaderWorker.call(SystemApplicationClassLoaderWorker.java:72)
	at worker.org.gradle.process.internal.worker.GradleWorkerMain.run(GradleWorkerMain.java:69)
	at worker.org.gradle.process.internal.worker.GradleWorkerMain.main(GradleWorkerMain.java:74)
Caused by: org.springframework.beans.factory.BeanCreationException: Error creating bean with name 'globalRateLimiterFilter': Injection of autowired dependencies failed
	at org.springframework.beans.factory.annotation.AutowiredAnnotationBeanPostProcessor.postProcessProperties(AutowiredAnnotationBeanPostProcessor.java:515)
	at org.springframework.beans.factory.support.AbstractAutowireCapableBeanFactory.populateBean(AbstractAutowireCapableBeanFactory.java:1459)
	at org.springframework.beans.factory.support.AbstractAutowireCapableBeanFactory.doCreateBean(AbstractAutowireCapableBeanFactory.java:606)
	at org.springframework.beans.factory.support.AbstractAutowireCapableBeanFactory.createBean(AbstractAutowireCapableBeanFactory.java:529)
	at org.springframework.beans.factory.support.AbstractBeanFactory.lambda$doGetBean$0(AbstractBeanFactory.java:339)
	at org.springframework.beans.factory.support.DefaultSingletonBeanRegistry.getSingleton(DefaultSingletonBeanRegistry.java:373)
	at org.springframework.beans.factory.support.AbstractBeanFactory.doGetBean(AbstractBeanFactory.java:337)
	at org.springframework.beans.factory.support.AbstractBeanFactory.getBean(AbstractBeanFactory.java:202)
	at org.springframework.beans.factory.support.DefaultListableBeanFactory.instantiateSingleton(DefaultListableBeanFactory.java:1221)
	at org.springframework.beans.factory.support.DefaultListableBeanFactory.preInstantiateSingleton(DefaultListableBeanFactory.java:1187)
	at org.springframework.beans.factory.support.DefaultListableBeanFactory.preInstantiateSingletons(DefaultListableBeanFactory.java:1123)
	at org.springframework.context.support.AbstractApplicationContext.finishBeanFactoryInitialization(AbstractApplicationContext.java:987)
	at org.springframework.context.support.AbstractApplicationContext.refresh(AbstractApplicationContext.java:627)
	at org.springframework.boot.SpringApplication.refresh(SpringApplication.java:752)
	at org.springframework.boot.SpringApplication.refreshContext(SpringApplication.java:439)
	at org.springframework.boot.SpringApplication.run(SpringApplication.java:318)
	at org.springframework.boot.test.context.SpringBootContextLoader.lambda$loadContext$3(SpringBootContextLoader.java:144)
	at org.springframework.util.function.ThrowingSupplier.get(ThrowingSupplier.java:58)
	at org.springframework.util.function.ThrowingSupplier.get(ThrowingSupplier.java:46)
	at org.springframework.boot.SpringApplication.withHook(SpringApplication.java:1461)
	at org.springframework.boot.test.context.SpringBootContextLoader$ContextLoaderHook.run(SpringBootContextLoader.java:563)
	at org.springframework.boot.test.context.SpringBootContextLoader.loadContext(SpringBootContextLoader.java:144)
	at org.springframework.boot.test.context.SpringBootContextLoader.loadContext(SpringBootContextLoader.java:110)
	at org.springframework.test.context.cache.DefaultCacheAwareContextLoaderDelegate.loadContextInternal(DefaultCacheAwareContextLoaderDelegate.java:225)
	at org.springframework.test.context.cache.DefaultCacheAwareContextLoaderDelegate.loadContext(DefaultCacheAwareContextLoaderDelegate.java:152)
	... 93 common frames omitted
Caused by: org.springframework.util.PlaceholderResolutionException: Could not resolve placeholder 'RATELIMITER_REQUESTS' in value "${RATELIMITER_REQUESTS}"
	at org.springframework.util.PlaceholderResolutionException.withValue(PlaceholderResolutionException.java:81)
	at org.springframework.util.PlaceholderParser$ParsedValue.resolve(PlaceholderParser.java:423)
	at org.springframework.util.PlaceholderParser.replacePlaceholders(PlaceholderParser.java:128)
	at org.springframework.util.PropertyPlaceholderHelper.parseStringValue(PropertyPlaceholderHelper.java:118)
	at org.springframework.util.PropertyPlaceholderHelper.replacePlaceholders(PropertyPlaceholderHelper.java:114)
	at org.springframework.core.env.AbstractPropertyResolver.doResolvePlaceholders(AbstractPropertyResolver.java:293)
	at org.springframework.core.env.AbstractPropertyResolver.resolveRequiredPlaceholders(AbstractPropertyResolver.java:264)
	at org.springframework.context.support.PropertySourcesPlaceholderConfigurer.lambda$processProperties$0(PropertySourcesPlaceholderConfigurer.java:186)
	at org.springframework.beans.factory.support.AbstractBeanFactory.resolveEmbeddedValue(AbstractBeanFactory.java:970)
	at org.springframework.beans.factory.support.DefaultListableBeanFactory.doResolveDependency(DefaultListableBeanFactory.java:1665)
	at org.springframework.beans.factory.support.DefaultListableBeanFactory.resolveDependency(DefaultListableBeanFactory.java:1643)
	at org.springframework.beans.factory.annotation.AutowiredAnnotationBeanPostProcessor$AutowiredFieldElement.resolveFieldValue(AutowiredAnnotationBeanPostProcessor.java:785)
	at org.springframework.beans.factory.annotation.AutowiredAnnotationBeanPostProcessor$AutowiredFieldElement.inject(AutowiredAnnotationBeanPostProcessor.java:768)
	at org.springframework.beans.factory.annotation.InjectionMetadata.inject(InjectionMetadata.java:146)
	at org.springframework.beans.factory.annotation.AutowiredAnnotationBeanPostProcessor.postProcessProperties(AutowiredAnnotationBeanPostProcessor.java:509)
	... 117 common frames omitted
{"timestamp":"2025-10-07 21:44:01,215","level":"INFO","thread":"Test worker","logger":"c.a.backend.BackendApplicationTests","message":Starting BackendApplicationTests using Java 17.0.9 with PID 10064 (started by Neo in C:\Users\Neo\Desktop\WWW\java\springboot-backend)}
{"timestamp":"2025-10-07 21:44:01,217","level":"DEBUG","thread":"Test worker","logger":"c.a.backend.BackendApplicationTests","message":Running with Spring Boot v3.5.6, Spring v6.2.11}
{"timestamp":"2025-10-07 21:44:01,218","level":"INFO","thread":"Test worker","logger":"c.a.backend.BackendApplicationTests","message":No active profile set, falling back to 1 default profile: "default"}
{"timestamp":"2025-10-07 21:44:02,616","level":"WARN","thread":"Test worker","logger":"o.s.b.a.s.s.UserDetailsServiceAutoConfiguration","message":

Using generated security password: 87ee0d65-f8e2-41e0-9f4c-0650eb245759

This generated password is for development use only. Your security configuration must be updated before running your application in production.
}
{"timestamp":"2025-10-07 21:44:02,634","level":"INFO","thread":"Test worker","logger":"o.s.s.c.a.a.c.InitializeUserDetailsBeanManagerConfigurer$InitializeUserDetailsManagerConfigurer","message":Global AuthenticationManager configured with UserDetailsService bean with name inMemoryUserDetailsManager}
{"timestamp":"2025-10-07 21:44:03,429","level":"INFO","thread":"Test worker","logger":"c.a.backend.BackendApplicationTests","message":Started BackendApplicationTests in 2.952 seconds (process running for 4.874)}
{"timestamp":"2025-10-07 21:44:10,123","level":"INFO","thread":"restartedMain","logger":"com.app.backend.BackendApplication","message":Starting BackendApplication using Java 17.0.9 with PID 8168 (C:\Users\Neo\Desktop\WWW\java\springboot-backend\build\classes\java\main started by Neo in C:\Users\Neo\Desktop\WWW\java\springboot-backend)}
{"timestamp":"2025-10-07 21:44:10,126","level":"DEBUG","thread":"restartedMain","logger":"com.app.backend.BackendApplication","message":Running with Spring Boot v3.5.6, Spring v6.2.11}
{"timestamp":"2025-10-07 21:44:10,127","level":"INFO","thread":"restartedMain","logger":"com.app.backend.BackendApplication","message":No active profile set, falling back to 1 default profile: "default"}
{"timestamp":"2025-10-07 21:44:10,184","level":"INFO","thread":"restartedMain","logger":"o.s.b.d.e.DevToolsPropertyDefaultsPostProcessor","message":Devtools property defaults active! Set 'spring.devtools.add-properties' to 'false' to disable}
{"timestamp":"2025-10-07 21:44:10,185","level":"INFO","thread":"restartedMain","logger":"o.s.b.d.e.DevToolsPropertyDefaultsPostProcessor","message":For additional web related logging consider setting the 'logging.level.web' property to 'DEBUG'}
{"timestamp":"2025-10-07 21:44:11,498","level":"INFO","thread":"restartedMain","logger":"o.s.b.w.e.tomcat.TomcatWebServer","message":Tomcat initialized with port 8080 (http)}
{"timestamp":"2025-10-07 21:44:11,516","level":"INFO","thread":"restartedMain","logger":"o.a.coyote.http11.Http11NioProtocol","message":Initializing ProtocolHandler ["http-nio-0.0.0.0-8080"]}
{"timestamp":"2025-10-07 21:44:11,519","level":"INFO","thread":"restartedMain","logger":"o.a.catalina.core.StandardService","message":Starting service [Tomcat]}
{"timestamp":"2025-10-07 21:44:11,519","level":"INFO","thread":"restartedMain","logger":"o.a.catalina.core.StandardEngine","message":Starting Servlet engine: [Apache Tomcat/10.1.46]}
{"timestamp":"2025-10-07 21:44:11,577","level":"INFO","thread":"restartedMain","logger":"o.a.c.c.C.[Tomcat].[localhost].[/]","message":Initializing Spring embedded WebApplicationContext}
{"timestamp":"2025-10-07 21:44:11,579","level":"INFO","thread":"restartedMain","logger":"o.s.b.w.s.c.ServletWebServerApplicationContext","message":Root WebApplicationContext: initialization completed in 1393 ms}
{"timestamp":"2025-10-07 21:44:11,648","level":"DEBUG","thread":"restartedMain","logger":"c.a.b.filter.RequestLoggingFilter","message":Filter 'requestLoggingFilter' configured for use}
{"timestamp":"2025-10-07 21:44:11,648","level":"DEBUG","thread":"restartedMain","logger":"c.a.b.filter.GlobalRateLimiterFilter","message":Filter 'globalRateLimiterFilter' configured for use}
{"timestamp":"2025-10-07 21:44:11,752","level":"WARN","thread":"restartedMain","logger":"o.s.b.a.s.s.UserDetailsServiceAutoConfiguration","message":

Using generated security password: 95d89207-9b5a-42a0-9091-fc30572662ef

This generated password is for development use only. Your security configuration must be updated before running your application in production.
}
{"timestamp":"2025-10-07 21:44:11,762","level":"INFO","thread":"restartedMain","logger":"o.s.s.c.a.a.c.InitializeUserDetailsBeanManagerConfigurer$InitializeUserDetailsManagerConfigurer","message":Global AuthenticationManager configured with UserDetailsService bean with name inMemoryUserDetailsManager}
{"timestamp":"2025-10-07 21:44:12,189","level":"INFO","thread":"restartedMain","logger":"o.s.b.d.a.OptionalLiveReloadServer","message":LiveReload server is running on port 35729}
{"timestamp":"2025-10-07 21:44:12,203","level":"INFO","thread":"restartedMain","logger":"o.a.coyote.http11.Http11NioProtocol","message":Starting ProtocolHandler ["http-nio-0.0.0.0-8080"]}
{"timestamp":"2025-10-07 21:44:12,225","level":"INFO","thread":"restartedMain","logger":"o.s.b.w.e.tomcat.TomcatWebServer","message":Tomcat started on port 8080 (http) with context path '/'}
{"timestamp":"2025-10-07 21:44:12,238","level":"INFO","thread":"restartedMain","logger":"com.app.backend.BackendApplication","message":Started BackendApplication in 2.892 seconds (process running for 3.392)}
{"timestamp":"2025-10-07 21:44:12,243","level":"INFO","thread":"restartedMain","logger":"com.app.backend.BackendApplication","message":? Server started successfully on port 8080}
{"timestamp":"2025-10-07 21:46:45,828","level":"INFO","thread":"http-nio-0.0.0.0-8080-exec-1","logger":"o.a.c.c.C.[Tomcat].[localhost].[/]","message":Initializing Spring DispatcherServlet 'dispatcherServlet'}
{"timestamp":"2025-10-07 21:46:45,829","level":"INFO","thread":"http-nio-0.0.0.0-8080-exec-1","logger":"o.s.web.servlet.DispatcherServlet","message":Initializing Servlet 'dispatcherServlet'}
{"timestamp":"2025-10-07 21:46:45,830","level":"INFO","thread":"http-nio-0.0.0.0-8080-exec-1","logger":"o.s.web.servlet.DispatcherServlet","message":Completed initialization in 1 ms}
{"timestamp":"2025-10-07 21:46:45,889","level":"INFO","thread":"http-nio-0.0.0.0-8080-exec-1","logger":"c.a.b.controller.HelloController","message":Endpoint /hello zosta³ wywo³any}
{"timestamp":"2025-10-07 21:46:45,911","level":"INFO","thread":"http-nio-0.0.0.0-8080-exec-1","logger":"c.a.b.filter.RequestLoggingFilter","message":method=GET uri=/hello ip=127.0.0.1 status=200 timeMs=37 ua="Mozilla/5.0 (Windows NT 10.0; Win64; x64; rv:143.0) Gecko/20100101 Firefox/143.0"}
{"timestamp":"2025-10-07 21:46:58,514","level":"INFO","thread":"http-nio-0.0.0.0-8080-exec-2","logger":"c.a.b.controller.HelloController","message":Endpoint /hello zosta³ wywo³any}
{"timestamp":"2025-10-07 21:46:58,517","level":"INFO","thread":"http-nio-0.0.0.0-8080-exec-2","logger":"c.a.b.filter.RequestLoggingFilter","message":method=GET uri=/hello ip=127.0.0.1 status=200 timeMs=4 ua="Mozilla/5.0 (Windows NT 10.0; Win64; x64; rv:143.0) Gecko/20100101 Firefox/143.0"}
{"timestamp":"2025-10-07 21:46:59,014","level":"INFO","thread":"http-nio-0.0.0.0-8080-exec-3","logger":"c.a.b.controller.HelloController","message":Endpoint /hello zosta³ wywo³any}
{"timestamp":"2025-10-07 21:46:59,016","level":"INFO","thread":"http-nio-0.0.0.0-8080-exec-3","logger":"c.a.b.filter.RequestLoggingFilter","message":method=GET uri=/hello ip=127.0.0.1 status=200 timeMs=3 ua="Mozilla/5.0 (Windows NT 10.0; Win64; x64; rv:143.0) Gecko/20100101 Firefox/143.0"}
{"timestamp":"2025-10-07 21:46:59,321","level":"INFO","thread":"http-nio-0.0.0.0-8080-exec-4","logger":"c.a.b.controller.HelloController","message":Endpoint /hello zosta³ wywo³any}
{"timestamp":"2025-10-07 21:46:59,323","level":"INFO","thread":"http-nio-0.0.0.0-8080-exec-4","logger":"c.a.b.filter.RequestLoggingFilter","message":method=GET uri=/hello ip=127.0.0.1 status=200 timeMs=2 ua="Mozilla/5.0 (Windows NT 10.0; Win64; x64; rv:143.0) Gecko/20100101 Firefox/143.0"}
{"timestamp":"2025-10-07 21:46:59,522","level":"INFO","thread":"http-nio-0.0.0.0-8080-exec-5","logger":"c.a.b.controller.HelloController","message":Endpoint /hello zosta³ wywo³any}
{"timestamp":"2025-10-07 21:46:59,524","level":"INFO","thread":"http-nio-0.0.0.0-8080-exec-5","logger":"c.a.b.filter.RequestLoggingFilter","message":method=GET uri=/hello ip=127.0.0.1 status=200 timeMs=2 ua="Mozilla/5.0 (Windows NT 10.0; Win64; x64; rv:143.0) Gecko/20100101 Firefox/143.0"}
{"timestamp":"2025-10-07 21:46:59,544","level":"INFO","thread":"http-nio-0.0.0.0-8080-exec-6","logger":"c.a.b.controller.HelloController","message":Endpoint /hello zosta³ wywo³any}
{"timestamp":"2025-10-07 21:46:59,546","level":"INFO","thread":"http-nio-0.0.0.0-8080-exec-6","logger":"c.a.b.filter.RequestLoggingFilter","message":method=GET uri=/hello ip=127.0.0.1 status=200 timeMs=2 ua="Mozilla/5.0 (Windows NT 10.0; Win64; x64; rv:143.0) Gecko/20100101 Firefox/143.0"}
{"timestamp":"2025-10-07 21:46:59,576","level":"INFO","thread":"http-nio-0.0.0.0-8080-exec-7","logger":"c.a.b.controller.HelloController","message":Endpoint /hello zosta³ wywo³any}
{"timestamp":"2025-10-07 21:46:59,578","level":"INFO","thread":"http-nio-0.0.0.0-8080-exec-7","logger":"c.a.b.filter.RequestLoggingFilter","message":method=GET uri=/hello ip=127.0.0.1 status=200 timeMs=2 ua="Mozilla/5.0 (Windows NT 10.0; Win64; x64; rv:143.0) Gecko/20100101 Firefox/143.0"}
{"timestamp":"2025-10-07 21:46:59,610","level":"INFO","thread":"http-nio-0.0.0.0-8080-exec-8","logger":"c.a.b.controller.HelloController","message":Endpoint /hello zosta³ wywo³any}
{"timestamp":"2025-10-07 21:46:59,612","level":"INFO","thread":"http-nio-0.0.0.0-8080-exec-8","logger":"c.a.b.filter.RequestLoggingFilter","message":method=GET uri=/hello ip=127.0.0.1 status=200 timeMs=2 ua="Mozilla/5.0 (Windows NT 10.0; Win64; x64; rv:143.0) Gecko/20100101 Firefox/143.0"}
{"timestamp":"2025-10-07 21:46:59,640","level":"INFO","thread":"http-nio-0.0.0.0-8080-exec-9","logger":"c.a.b.controller.HelloController","message":Endpoint /hello zosta³ wywo³any}
{"timestamp":"2025-10-07 21:46:59,641","level":"INFO","thread":"http-nio-0.0.0.0-8080-exec-9","logger":"c.a.b.filter.RequestLoggingFilter","message":method=GET uri=/hello ip=127.0.0.1 status=200 timeMs=2 ua="Mozilla/5.0 (Windows NT 10.0; Win64; x64; rv:143.0) Gecko/20100101 Firefox/143.0"}
{"timestamp":"2025-10-07 21:46:59,814","level":"INFO","thread":"http-nio-0.0.0.0-8080-exec-10","logger":"c.a.b.controller.HelloController","message":Endpoint /hello zosta³ wywo³any}
{"timestamp":"2025-10-07 21:46:59,816","level":"INFO","thread":"http-nio-0.0.0.0-8080-exec-10","logger":"c.a.b.filter.RequestLoggingFilter","message":method=GET uri=/hello ip=127.0.0.1 status=200 timeMs=3 ua="Mozilla/5.0 (Windows NT 10.0; Win64; x64; rv:143.0) Gecko/20100101 Firefox/143.0"}
{"timestamp":"2025-10-07 21:46:59,843","level":"INFO","thread":"http-nio-0.0.0.0-8080-exec-1","logger":"c.a.b.controller.HelloController","message":Endpoint /hello zosta³ wywo³any}
{"timestamp":"2025-10-07 21:46:59,844","level":"INFO","thread":"http-nio-0.0.0.0-8080-exec-1","logger":"c.a.b.filter.RequestLoggingFilter","message":method=GET uri=/hello ip=127.0.0.1 status=200 timeMs=1 ua="Mozilla/5.0 (Windows NT 10.0; Win64; x64; rv:143.0) Gecko/20100101 Firefox/143.0"}
{"timestamp":"2025-10-07 21:46:59,873","level":"INFO","thread":"http-nio-0.0.0.0-8080-exec-2","logger":"c.a.b.controller.HelloController","message":Endpoint /hello zosta³ wywo³any}
{"timestamp":"2025-10-07 21:46:59,874","level":"INFO","thread":"http-nio-0.0.0.0-8080-exec-2","logger":"c.a.b.filter.RequestLoggingFilter","message":method=GET uri=/hello ip=127.0.0.1 status=200 timeMs=2 ua="Mozilla/5.0 (Windows NT 10.0; Win64; x64; rv:143.0) Gecko/20100101 Firefox/143.0"}
{"timestamp":"2025-10-07 21:46:59,902","level":"INFO","thread":"http-nio-0.0.0.0-8080-exec-3","logger":"c.a.b.controller.HelloController","message":Endpoint /hello zosta³ wywo³any}
{"timestamp":"2025-10-07 21:46:59,904","level":"INFO","thread":"http-nio-0.0.0.0-8080-exec-3","logger":"c.a.b.filter.RequestLoggingFilter","message":method=GET uri=/hello ip=127.0.0.1 status=200 timeMs=2 ua="Mozilla/5.0 (Windows NT 10.0; Win64; x64; rv:143.0) Gecko/20100101 Firefox/143.0"}
{"timestamp":"2025-10-07 21:47:00,049","level":"INFO","thread":"http-nio-0.0.0.0-8080-exec-4","logger":"c.a.b.controller.HelloController","message":Endpoint /hello zosta³ wywo³any}
{"timestamp":"2025-10-07 21:47:00,050","level":"INFO","thread":"http-nio-0.0.0.0-8080-exec-4","logger":"c.a.b.filter.RequestLoggingFilter","message":method=GET uri=/hello ip=127.0.0.1 status=200 timeMs=2 ua="Mozilla/5.0 (Windows NT 10.0; Win64; x64; rv:143.0) Gecko/20100101 Firefox/143.0"}
{"timestamp":"2025-10-07 21:47:00,077","level":"INFO","thread":"http-nio-0.0.0.0-8080-exec-5","logger":"c.a.b.controller.HelloController","message":Endpoint /hello zosta³ wywo³any}
{"timestamp":"2025-10-07 21:47:00,078","level":"INFO","thread":"http-nio-0.0.0.0-8080-exec-5","logger":"c.a.b.filter.RequestLoggingFilter","message":method=GET uri=/hello ip=127.0.0.1 status=200 timeMs=2 ua="Mozilla/5.0 (Windows NT 10.0; Win64; x64; rv:143.0) Gecko/20100101 Firefox/143.0"}
{"timestamp":"2025-10-07 21:47:00,207","level":"INFO","thread":"http-nio-0.0.0.0-8080-exec-6","logger":"c.a.b.controller.HelloController","message":Endpoint /hello zosta³ wywo³any}
{"timestamp":"2025-10-07 21:47:00,208","level":"INFO","thread":"http-nio-0.0.0.0-8080-exec-6","logger":"c.a.b.filter.RequestLoggingFilter","message":method=GET uri=/hello ip=127.0.0.1 status=200 timeMs=3 ua="Mozilla/5.0 (Windows NT 10.0; Win64; x64; rv:143.0) Gecko/20100101 Firefox/143.0"}
{"timestamp":"2025-10-07 21:47:00,237","level":"INFO","thread":"http-nio-0.0.0.0-8080-exec-7","logger":"c.a.b.controller.HelloController","message":Endpoint /hello zosta³ wywo³any}
{"timestamp":"2025-10-07 21:47:00,239","level":"INFO","thread":"http-nio-0.0.0.0-8080-exec-7","logger":"c.a.b.filter.RequestLoggingFilter","message":method=GET uri=/hello ip=127.0.0.1 status=200 timeMs=2 ua="Mozilla/5.0 (Windows NT 10.0; Win64; x64; rv:143.0) Gecko/20100101 Firefox/143.0"}
{"timestamp":"2025-10-07 21:47:00,259","level":"INFO","thread":"http-nio-0.0.0.0-8080-exec-8","logger":"c.a.b.controller.HelloController","message":Endpoint /hello zosta³ wywo³any}
{"timestamp":"2025-10-07 21:47:00,261","level":"INFO","thread":"http-nio-0.0.0.0-8080-exec-8","logger":"c.a.b.filter.RequestLoggingFilter","message":method=GET uri=/hello ip=127.0.0.1 status=200 timeMs=2 ua="Mozilla/5.0 (Windows NT 10.0; Win64; x64; rv:143.0) Gecko/20100101 Firefox/143.0"}
{"timestamp":"2025-10-07 21:47:00,354","level":"INFO","thread":"http-nio-0.0.0.0-8080-exec-9","logger":"c.a.b.controller.HelloController","message":Endpoint /hello zosta³ wywo³any}
{"timestamp":"2025-10-07 21:47:00,356","level":"INFO","thread":"http-nio-0.0.0.0-8080-exec-9","logger":"c.a.b.filter.RequestLoggingFilter","message":method=GET uri=/hello ip=127.0.0.1 status=200 timeMs=2 ua="Mozilla/5.0 (Windows NT 10.0; Win64; x64; rv:143.0) Gecko/20100101 Firefox/143.0"}
{"timestamp":"2025-10-07 21:47:00,376","level":"INFO","thread":"http-nio-0.0.0.0-8080-exec-10","logger":"c.a.b.controller.HelloController","message":Endpoint /hello zosta³ wywo³any}
{"timestamp":"2025-10-07 21:47:00,377","level":"INFO","thread":"http-nio-0.0.0.0-8080-exec-10","logger":"c.a.b.filter.RequestLoggingFilter","message":method=GET uri=/hello ip=127.0.0.1 status=200 timeMs=1 ua="Mozilla/5.0 (Windows NT 10.0; Win64; x64; rv:143.0) Gecko/20100101 Firefox/143.0"}
{"timestamp":"2025-10-07 21:47:00,407","level":"INFO","thread":"http-nio-0.0.0.0-8080-exec-1","logger":"c.a.b.controller.HelloController","message":Endpoint /hello zosta³ wywo³any}
{"timestamp":"2025-10-07 21:47:00,409","level":"INFO","thread":"http-nio-0.0.0.0-8080-exec-1","logger":"c.a.b.filter.RequestLoggingFilter","message":method=GET uri=/hello ip=127.0.0.1 status=200 timeMs=2 ua="Mozilla/5.0 (Windows NT 10.0; Win64; x64; rv:143.0) Gecko/20100101 Firefox/143.0"}
{"timestamp":"2025-10-07 21:47:00,501","level":"INFO","thread":"http-nio-0.0.0.0-8080-exec-2","logger":"c.a.b.controller.HelloController","message":Endpoint /hello zosta³ wywo³any}
{"timestamp":"2025-10-07 21:47:00,502","level":"INFO","thread":"http-nio-0.0.0.0-8080-exec-2","logger":"c.a.b.filter.RequestLoggingFilter","message":method=GET uri=/hello ip=127.0.0.1 status=200 timeMs=1 ua="Mozilla/5.0 (Windows NT 10.0; Win64; x64; rv:143.0) Gecko/20100101 Firefox/143.0"}
{"timestamp":"2025-10-07 21:47:00,660","level":"INFO","thread":"http-nio-0.0.0.0-8080-exec-3","logger":"c.a.b.controller.HelloController","message":Endpoint /hello zosta³ wywo³any}
{"timestamp":"2025-10-07 21:47:00,661","level":"INFO","thread":"http-nio-0.0.0.0-8080-exec-3","logger":"c.a.b.filter.RequestLoggingFilter","message":method=GET uri=/hello ip=127.0.0.1 status=200 timeMs=1 ua="Mozilla/5.0 (Windows NT 10.0; Win64; x64; rv:143.0) Gecko/20100101 Firefox/143.0"}
{"timestamp":"2025-10-07 21:47:00,738","level":"INFO","thread":"http-nio-0.0.0.0-8080-exec-4","logger":"c.a.b.controller.HelloController","message":Endpoint /hello zosta³ wywo³any}
{"timestamp":"2025-10-07 21:47:00,740","level":"INFO","thread":"http-nio-0.0.0.0-8080-exec-4","logger":"c.a.b.filter.RequestLoggingFilter","message":method=GET uri=/hello ip=127.0.0.1 status=200 timeMs=2 ua="Mozilla/5.0 (Windows NT 10.0; Win64; x64; rv:143.0) Gecko/20100101 Firefox/143.0"}
{"timestamp":"2025-10-07 21:47:00,876","level":"INFO","thread":"http-nio-0.0.0.0-8080-exec-5","logger":"c.a.b.controller.HelloController","message":Endpoint /hello zosta³ wywo³any}
{"timestamp":"2025-10-07 21:47:00,877","level":"INFO","thread":"http-nio-0.0.0.0-8080-exec-5","logger":"c.a.b.filter.RequestLoggingFilter","message":method=GET uri=/hello ip=127.0.0.1 status=200 timeMs=2 ua="Mozilla/5.0 (Windows NT 10.0; Win64; x64; rv:143.0) Gecko/20100101 Firefox/143.0"}
{"timestamp":"2025-10-07 21:47:00,896","level":"INFO","thread":"http-nio-0.0.0.0-8080-exec-6","logger":"c.a.b.controller.HelloController","message":Endpoint /hello zosta³ wywo³any}
{"timestamp":"2025-10-07 21:47:00,897","level":"INFO","thread":"http-nio-0.0.0.0-8080-exec-6","logger":"c.a.b.filter.RequestLoggingFilter","message":method=GET uri=/hello ip=127.0.0.1 status=200 timeMs=1 ua="Mozilla/5.0 (Windows NT 10.0; Win64; x64; rv:143.0) Gecko/20100101 Firefox/143.0"}
{"timestamp":"2025-10-07 21:47:01,024","level":"INFO","thread":"http-nio-0.0.0.0-8080-exec-7","logger":"c.a.b.controller.HelloController","message":Endpoint /hello zosta³ wywo³any}
{"timestamp":"2025-10-07 21:47:01,025","level":"INFO","thread":"http-nio-0.0.0.0-8080-exec-7","logger":"c.a.b.filter.RequestLoggingFilter","message":method=GET uri=/hello ip=127.0.0.1 status=200 timeMs=2 ua="Mozilla/5.0 (Windows NT 10.0; Win64; x64; rv:143.0) Gecko/20100101 Firefox/143.0"}
{"timestamp":"2025-10-07 21:47:01,109","level":"INFO","thread":"http-nio-0.0.0.0-8080-exec-8","logger":"c.a.b.controller.HelloController","message":Endpoint /hello zosta³ wywo³any}
{"timestamp":"2025-10-07 21:47:01,110","level":"INFO","thread":"http-nio-0.0.0.0-8080-exec-8","logger":"c.a.b.filter.RequestLoggingFilter","message":method=GET uri=/hello ip=127.0.0.1 status=200 timeMs=2 ua="Mozilla/5.0 (Windows NT 10.0; Win64; x64; rv:143.0) Gecko/20100101 Firefox/143.0"}
{"timestamp":"2025-10-07 21:47:01,140","level":"INFO","thread":"http-nio-0.0.0.0-8080-exec-9","logger":"c.a.b.controller.HelloController","message":Endpoint /hello zosta³ wywo³any}
{"timestamp":"2025-10-07 21:47:01,141","level":"INFO","thread":"http-nio-0.0.0.0-8080-exec-9","logger":"c.a.b.filter.RequestLoggingFilter","message":method=GET uri=/hello ip=127.0.0.1 status=200 timeMs=1 ua="Mozilla/5.0 (Windows NT 10.0; Win64; x64; rv:143.0) Gecko/20100101 Firefox/143.0"}
{"timestamp":"2025-10-07 21:47:01,170","level":"INFO","thread":"http-nio-0.0.0.0-8080-exec-10","logger":"c.a.b.controller.HelloController","message":Endpoint /hello zosta³ wywo³any}
{"timestamp":"2025-10-07 21:47:01,171","level":"INFO","thread":"http-nio-0.0.0.0-8080-exec-10","logger":"c.a.b.filter.RequestLoggingFilter","message":method=GET uri=/hello ip=127.0.0.1 status=200 timeMs=1 ua="Mozilla/5.0 (Windows NT 10.0; Win64; x64; rv:143.0) Gecko/20100101 Firefox/143.0"}
{"timestamp":"2025-10-07 21:47:01,194","level":"INFO","thread":"http-nio-0.0.0.0-8080-exec-1","logger":"c.a.b.controller.HelloController","message":Endpoint /hello zosta³ wywo³any}
{"timestamp":"2025-10-07 21:47:01,196","level":"INFO","thread":"http-nio-0.0.0.0-8080-exec-1","logger":"c.a.b.filter.RequestLoggingFilter","message":method=GET uri=/hello ip=127.0.0.1 status=200 timeMs=2 ua="Mozilla/5.0 (Windows NT 10.0; Win64; x64; rv:143.0) Gecko/20100101 Firefox/143.0"}
{"timestamp":"2025-10-07 21:47:01,465","level":"INFO","thread":"http-nio-0.0.0.0-8080-exec-2","logger":"c.a.b.controller.HelloController","message":Endpoint /hello zosta³ wywo³any}
{"timestamp":"2025-10-07 21:47:01,466","level":"INFO","thread":"http-nio-0.0.0.0-8080-exec-2","logger":"c.a.b.filter.RequestLoggingFilter","message":method=GET uri=/hello ip=127.0.0.1 status=200 timeMs=2 ua="Mozilla/5.0 (Windows NT 10.0; Win64; x64; rv:143.0) Gecko/20100101 Firefox/143.0"}
{"timestamp":"2025-10-07 21:47:01,627","level":"INFO","thread":"http-nio-0.0.0.0-8080-exec-3","logger":"c.a.b.controller.HelloController","message":Endpoint /hello zosta³ wywo³any}
{"timestamp":"2025-10-07 21:47:01,628","level":"INFO","thread":"http-nio-0.0.0.0-8080-exec-3","logger":"c.a.b.filter.RequestLoggingFilter","message":method=GET uri=/hello ip=127.0.0.1 status=200 timeMs=1 ua="Mozilla/5.0 (Windows NT 10.0; Win64; x64; rv:143.0) Gecko/20100101 Firefox/143.0"}
{"timestamp":"2025-10-07 21:47:01,655","level":"INFO","thread":"http-nio-0.0.0.0-8080-exec-4","logger":"c.a.b.controller.HelloController","message":Endpoint /hello zosta³ wywo³any}
{"timestamp":"2025-10-07 21:47:01,656","level":"INFO","thread":"http-nio-0.0.0.0-8080-exec-4","logger":"c.a.b.filter.RequestLoggingFilter","message":method=GET uri=/hello ip=127.0.0.1 status=200 timeMs=1 ua="Mozilla/5.0 (Windows NT 10.0; Win64; x64; rv:143.0) Gecko/20100101 Firefox/143.0"}
{"timestamp":"2025-10-07 21:47:01,784","level":"INFO","thread":"http-nio-0.0.0.0-8080-exec-5","logger":"c.a.b.controller.HelloController","message":Endpoint /hello zosta³ wywo³any}
{"timestamp":"2025-10-07 21:47:01,785","level":"INFO","thread":"http-nio-0.0.0.0-8080-exec-5","logger":"c.a.b.filter.RequestLoggingFilter","message":method=GET uri=/hello ip=127.0.0.1 status=200 timeMs=1 ua="Mozilla/5.0 (Windows NT 10.0; Win64; x64; rv:143.0) Gecko/20100101 Firefox/143.0"}
{"timestamp":"2025-10-07 21:47:01,859","level":"INFO","thread":"http-nio-0.0.0.0-8080-exec-6","logger":"c.a.b.controller.HelloController","message":Endpoint /hello zosta³ wywo³any}
{"timestamp":"2025-10-07 21:47:01,860","level":"INFO","thread":"http-nio-0.0.0.0-8080-exec-6","logger":"c.a.b.filter.RequestLoggingFilter","message":method=GET uri=/hello ip=127.0.0.1 status=200 timeMs=1 ua="Mozilla/5.0 (Windows NT 10.0; Win64; x64; rv:143.0) Gecko/20100101 Firefox/143.0"}
{"timestamp":"2025-10-07 21:47:01,986","level":"INFO","thread":"http-nio-0.0.0.0-8080-exec-7","logger":"c.a.b.controller.HelloController","message":Endpoint /hello zosta³ wywo³any}
{"timestamp":"2025-10-07 21:47:01,987","level":"INFO","thread":"http-nio-0.0.0.0-8080-exec-7","logger":"c.a.b.filter.RequestLoggingFilter","message":method=GET uri=/hello ip=127.0.0.1 status=200 timeMs=2 ua="Mozilla/5.0 (Windows NT 10.0; Win64; x64; rv:143.0) Gecko/20100101 Firefox/143.0"}
{"timestamp":"2025-10-07 21:47:02,154","level":"INFO","thread":"http-nio-0.0.0.0-8080-exec-8","logger":"c.a.b.controller.HelloController","message":Endpoint /hello zosta³ wywo³any}
{"timestamp":"2025-10-07 21:47:02,155","level":"INFO","thread":"http-nio-0.0.0.0-8080-exec-8","logger":"c.a.b.filter.RequestLoggingFilter","message":method=GET uri=/hello ip=127.0.0.1 status=200 timeMs=1 ua="Mozilla/5.0 (Windows NT 10.0; Win64; x64; rv:143.0) Gecko/20100101 Firefox/143.0"}
{"timestamp":"2025-10-07 21:47:02,260","level":"INFO","thread":"http-nio-0.0.0.0-8080-exec-9","logger":"c.a.b.controller.HelloController","message":Endpoint /hello zosta³ wywo³any}
{"timestamp":"2025-10-07 21:47:02,261","level":"INFO","thread":"http-nio-0.0.0.0-8080-exec-9","logger":"c.a.b.filter.RequestLoggingFilter","message":method=GET uri=/hello ip=127.0.0.1 status=200 timeMs=1 ua="Mozilla/5.0 (Windows NT 10.0; Win64; x64; rv:143.0) Gecko/20100101 Firefox/143.0"}
{"timestamp":"2025-10-07 21:47:02,290","level":"INFO","thread":"http-nio-0.0.0.0-8080-exec-10","logger":"c.a.b.controller.HelloController","message":Endpoint /hello zosta³ wywo³any}
{"timestamp":"2025-10-07 21:47:02,291","level":"INFO","thread":"http-nio-0.0.0.0-8080-exec-10","logger":"c.a.b.filter.RequestLoggingFilter","message":method=GET uri=/hello ip=127.0.0.1 status=200 timeMs=1 ua="Mozilla/5.0 (Windows NT 10.0; Win64; x64; rv:143.0) Gecko/20100101 Firefox/143.0"}
{"timestamp":"2025-10-07 21:47:02,312","level":"INFO","thread":"http-nio-0.0.0.0-8080-exec-1","logger":"c.a.b.controller.HelloController","message":Endpoint /hello zosta³ wywo³any}
{"timestamp":"2025-10-07 21:47:02,313","level":"INFO","thread":"http-nio-0.0.0.0-8080-exec-1","logger":"c.a.b.filter.RequestLoggingFilter","message":method=GET uri=/hello ip=127.0.0.1 status=200 timeMs=1 ua="Mozilla/5.0 (Windows NT 10.0; Win64; x64; rv:143.0) Gecko/20100101 Firefox/143.0"}
{"timestamp":"2025-10-07 21:47:02,454","level":"INFO","thread":"http-nio-0.0.0.0-8080-exec-2","logger":"c.a.b.controller.HelloController","message":Endpoint /hello zosta³ wywo³any}
{"timestamp":"2025-10-07 21:47:02,455","level":"INFO","thread":"http-nio-0.0.0.0-8080-exec-2","logger":"c.a.b.filter.RequestLoggingFilter","message":method=GET uri=/hello ip=127.0.0.1 status=200 timeMs=1 ua="Mozilla/5.0 (Windows NT 10.0; Win64; x64; rv:143.0) Gecko/20100101 Firefox/143.0"}
{"timestamp":"2025-10-07 21:47:02,562","level":"INFO","thread":"http-nio-0.0.0.0-8080-exec-3","logger":"c.a.b.controller.HelloController","message":Endpoint /hello zosta³ wywo³any}
{"timestamp":"2025-10-07 21:47:02,565","level":"INFO","thread":"http-nio-0.0.0.0-8080-exec-3","logger":"c.a.b.filter.RequestLoggingFilter","message":method=GET uri=/hello ip=127.0.0.1 status=200 timeMs=3 ua="Mozilla/5.0 (Windows NT 10.0; Win64; x64; rv:143.0) Gecko/20100101 Firefox/143.0"}
{"timestamp":"2025-10-07 21:47:02,586","level":"INFO","thread":"http-nio-0.0.0.0-8080-exec-4","logger":"c.a.b.controller.HelloController","message":Endpoint /hello zosta³ wywo³any}
{"timestamp":"2025-10-07 21:47:02,588","level":"INFO","thread":"http-nio-0.0.0.0-8080-exec-4","logger":"c.a.b.filter.RequestLoggingFilter","message":method=GET uri=/hello ip=127.0.0.1 status=200 timeMs=2 ua="Mozilla/5.0 (Windows NT 10.0; Win64; x64; rv:143.0) Gecko/20100101 Firefox/143.0"}
{"timestamp":"2025-10-07 21:47:02,613","level":"INFO","thread":"http-nio-0.0.0.0-8080-exec-5","logger":"c.a.b.controller.HelloController","message":Endpoint /hello zosta³ wywo³any}
{"timestamp":"2025-10-07 21:47:02,615","level":"INFO","thread":"http-nio-0.0.0.0-8080-exec-5","logger":"c.a.b.filter.RequestLoggingFilter","message":method=GET uri=/hello ip=127.0.0.1 status=200 timeMs=2 ua="Mozilla/5.0 (Windows NT 10.0; Win64; x64; rv:143.0) Gecko/20100101 Firefox/143.0"}
{"timestamp":"2025-10-07 21:47:02,746","level":"INFO","thread":"http-nio-0.0.0.0-8080-exec-6","logger":"c.a.b.controller.HelloController","message":Endpoint /hello zosta³ wywo³any}
{"timestamp":"2025-10-07 21:47:02,747","level":"INFO","thread":"http-nio-0.0.0.0-8080-exec-6","logger":"c.a.b.filter.RequestLoggingFilter","message":method=GET uri=/hello ip=127.0.0.1 status=200 timeMs=1 ua="Mozilla/5.0 (Windows NT 10.0; Win64; x64; rv:143.0) Gecko/20100101 Firefox/143.0"}
{"timestamp":"2025-10-07 21:47:02,776","level":"INFO","thread":"http-nio-0.0.0.0-8080-exec-7","logger":"c.a.b.controller.HelloController","message":Endpoint /hello zosta³ wywo³any}
{"timestamp":"2025-10-07 21:47:02,777","level":"INFO","thread":"http-nio-0.0.0.0-8080-exec-7","logger":"c.a.b.filter.RequestLoggingFilter","message":method=GET uri=/hello ip=127.0.0.1 status=200 timeMs=1 ua="Mozilla/5.0 (Windows NT 10.0; Win64; x64; rv:143.0) Gecko/20100101 Firefox/143.0"}
{"timestamp":"2025-10-07 21:47:02,883","level":"INFO","thread":"http-nio-0.0.0.0-8080-exec-8","logger":"c.a.b.controller.HelloController","message":Endpoint /hello zosta³ wywo³any}
{"timestamp":"2025-10-07 21:47:02,884","level":"INFO","thread":"http-nio-0.0.0.0-8080-exec-8","logger":"c.a.b.filter.RequestLoggingFilter","message":method=GET uri=/hello ip=127.0.0.1 status=200 timeMs=1 ua="Mozilla/5.0 (Windows NT 10.0; Win64; x64; rv:143.0) Gecko/20100101 Firefox/143.0"}
{"timestamp":"2025-10-07 21:47:03,044","level":"INFO","thread":"http-nio-0.0.0.0-8080-exec-9","logger":"c.a.b.controller.HelloController","message":Endpoint /hello zosta³ wywo³any}
{"timestamp":"2025-10-07 21:47:03,046","level":"INFO","thread":"http-nio-0.0.0.0-8080-exec-9","logger":"c.a.b.filter.RequestLoggingFilter","message":method=GET uri=/hello ip=127.0.0.1 status=200 timeMs=2 ua="Mozilla/5.0 (Windows NT 10.0; Win64; x64; rv:143.0) Gecko/20100101 Firefox/143.0"}
{"timestamp":"2025-10-07 21:47:03,077","level":"INFO","thread":"http-nio-0.0.0.0-8080-exec-10","logger":"c.a.b.controller.HelloController","message":Endpoint /hello zosta³ wywo³any}
{"timestamp":"2025-10-07 21:47:03,078","level":"INFO","thread":"http-nio-0.0.0.0-8080-exec-10","logger":"c.a.b.filter.RequestLoggingFilter","message":method=GET uri=/hello ip=127.0.0.1 status=200 timeMs=1 ua="Mozilla/5.0 (Windows NT 10.0; Win64; x64; rv:143.0) Gecko/20100101 Firefox/143.0"}
{"timestamp":"2025-10-07 21:47:03,109","level":"INFO","thread":"http-nio-0.0.0.0-8080-exec-1","logger":"c.a.b.controller.HelloController","message":Endpoint /hello zosta³ wywo³any}
{"timestamp":"2025-10-07 21:47:03,110","level":"INFO","thread":"http-nio-0.0.0.0-8080-exec-1","logger":"c.a.b.filter.RequestLoggingFilter","message":method=GET uri=/hello ip=127.0.0.1 status=200 timeMs=1 ua="Mozilla/5.0 (Windows NT 10.0; Win64; x64; rv:143.0) Gecko/20100101 Firefox/143.0"}
{"timestamp":"2025-10-07 21:47:03,203","level":"INFO","thread":"http-nio-0.0.0.0-8080-exec-2","logger":"c.a.b.controller.HelloController","message":Endpoint /hello zosta³ wywo³any}
{"timestamp":"2025-10-07 21:47:03,204","level":"INFO","thread":"http-nio-0.0.0.0-8080-exec-2","logger":"c.a.b.filter.RequestLoggingFilter","message":method=GET uri=/hello ip=127.0.0.1 status=200 timeMs=1 ua="Mozilla/5.0 (Windows NT 10.0; Win64; x64; rv:143.0) Gecko/20100101 Firefox/143.0"}
{"timestamp":"2025-10-07 21:47:03,310","level":"INFO","thread":"http-nio-0.0.0.0-8080-exec-3","logger":"c.a.b.controller.HelloController","message":Endpoint /hello zosta³ wywo³any}
{"timestamp":"2025-10-07 21:47:03,311","level":"INFO","thread":"http-nio-0.0.0.0-8080-exec-3","logger":"c.a.b.filter.RequestLoggingFilter","message":method=GET uri=/hello ip=127.0.0.1 status=200 timeMs=1 ua="Mozilla/5.0 (Windows NT 10.0; Win64; x64; rv:143.0) Gecko/20100101 Firefox/143.0"}
{"timestamp":"2025-10-07 21:47:03,443","level":"INFO","thread":"http-nio-0.0.0.0-8080-exec-4","logger":"c.a.b.controller.HelloController","message":Endpoint /hello zosta³ wywo³any}
{"timestamp":"2025-10-07 21:47:03,444","level":"INFO","thread":"http-nio-0.0.0.0-8080-exec-4","logger":"c.a.b.filter.RequestLoggingFilter","message":method=GET uri=/hello ip=127.0.0.1 status=200 timeMs=2 ua="Mozilla/5.0 (Windows NT 10.0; Win64; x64; rv:143.0) Gecko/20100101 Firefox/143.0"}
{"timestamp":"2025-10-07 21:47:03,472","level":"INFO","thread":"http-nio-0.0.0.0-8080-exec-5","logger":"c.a.b.controller.HelloController","message":Endpoint /hello zosta³ wywo³any}
{"timestamp":"2025-10-07 21:47:03,473","level":"INFO","thread":"http-nio-0.0.0.0-8080-exec-5","logger":"c.a.b.filter.RequestLoggingFilter","message":method=GET uri=/hello ip=127.0.0.1 status=200 timeMs=2 ua="Mozilla/5.0 (Windows NT 10.0; Win64; x64; rv:143.0) Gecko/20100101 Firefox/143.0"}
